<?xml version="1.0" encoding="UTF-8"?>
<testng-results skipped="0" failed="0" ignored="0" total="1" passed="1">
  <reporter-output>
  </reporter-output>
  <suite name="Default suite" duration-ms="14547" started-at="2018-06-05T06:39:37Z" finished-at="2018-06-05T06:39:52Z">
    <groups>
    </groups>
    <test name="Default test" duration-ms="14547" started-at="2018-06-05T06:39:37Z" finished-at="2018-06-05T06:39:52Z">
      <class name="misc_all.Case1">
        <test-method status="PASS" signature="setUp()[pri:0, instance:misc_all.Case1@fad74ee]" name="setUp" is-config="true" duration-ms="12658" started-at="2018-06-05T06:39:37Z" finished-at="2018-06-05T06:39:50Z">
          <reporter-output>
          </reporter-output>
        </test-method> <!-- setUp -->
        <test-method status="PASS" signature="login()[pri:0, instance:misc_all.Case1@fad74ee]" name="login" duration-ms="1370" started-at="2018-06-05T06:39:50Z" finished-at="2018-06-05T06:39:51Z">
          <reporter-output>
          </reporter-output>
        </test-method> <!-- login -->
        <test-method status="PASS" signature="tearDown()[pri:0, instance:misc_all.Case1@fad74ee]" name="tearDown" is-config="true" duration-ms="447" started-at="2018-06-05T06:39:51Z" finished-at="2018-06-05T06:39:52Z">
          <reporter-output>
          </reporter-output>
        </test-method> <!-- tearDown -->
      </class> <!-- misc_all.Case1 -->
    </test> <!-- Default test -->
  </suite> <!-- Default suite -->
</testng-results>
